CRITICAL - 2023-09-24 12:17:43 --> Too few arguments to function App\Controllers\Latihan::penjumlahan(), 0 passed in C:\xampp\htdocs\shiapp\SHiApp\system\CodeIgniter.php on line 915 and exactly 2 expected
in APPPATH\Controllers\Latihan.php on line 20.
 1 SYSTEMPATH\CodeIgniter.php(915): App\Controllers\Latihan->penjumlahan()
 2 SYSTEMPATH\CodeIgniter.php(492): CodeIgniter\CodeIgniter->runController(Object(App\Controllers\Latihan))
 3 SYSTEMPATH\CodeIgniter.php(353): CodeIgniter\CodeIgniter->handleRequest(null, Object(Config\Cache), false)
 4 FCPATH\index.php(79): CodeIgniter\CodeIgniter->run()
 5 SYSTEMPATH\Commands\Server\rewrite.php(47): require_once('C:\\xampp\\htdocs\\shiapp\\SHiApp\\public\\index.php')
CRITICAL - 2023-09-24 14:21:40 --> Undefined variable $name
in APPPATH\Views\contact.php on line 50.
 1 APPPATH\Views\contact.php(50): CodeIgniter\Debug\Exceptions->errorHandler(2, 'Undefined variable $name', 'C:\\xampp\\htdocs\\shiapp\\SHiApp\\app\\Views\\contact.php', 50)
 2 SYSTEMPATH\View\View.php(226): include('C:\\xampp\\htdocs\\shiapp\\SHiApp\\app\\Views\\contact.php')
 3 SYSTEMPATH\View\View.php(229): CodeIgniter\View\View->CodeIgniter\View\{closure}()
 4 SYSTEMPATH\Common.php(1178): CodeIgniter\View\View->render('contact', [], true)
 5 APPPATH\Controllers\Latihan.php(41): view('contact', [...])
 6 SYSTEMPATH\CodeIgniter.php(915): App\Controllers\Latihan->contact()
 7 SYSTEMPATH\CodeIgniter.php(492): CodeIgniter\CodeIgniter->runController(Object(App\Controllers\Latihan))
 8 SYSTEMPATH\CodeIgniter.php(353): CodeIgniter\CodeIgniter->handleRequest(null, Object(Config\Cache), false)
 9 FCPATH\index.php(79): CodeIgniter\CodeIgniter->run()
10 SYSTEMPATH\Commands\Server\rewrite.php(47): require_once('C:\\xampp\\htdocs\\shiapp\\SHiApp\\public\\index.php')
CRITICAL - 2023-09-24 14:35:22 --> Undefined variable $data_faq
in APPPATH\Views\faqs.php on line 49.
 1 APPPATH\Views\faqs.php(49): CodeIgniter\Debug\Exceptions->errorHandler(2, 'Undefined variable $data_faq', 'C:\\xampp\\htdocs\\shiapp\\SHiApp\\app\\Views\\faqs.php', 49)
 2 SYSTEMPATH\View\View.php(226): include('C:\\xampp\\htdocs\\shiapp\\SHiApp\\app\\Views\\faqs.php')
 3 SYSTEMPATH\View\View.php(229): CodeIgniter\View\View->CodeIgniter\View\{closure}()
 4 SYSTEMPATH\Common.php(1178): CodeIgniter\View\View->render('faqs', [], true)
 5 APPPATH\Controllers\Latihan.php(60): view('faqs', [...])
 6 SYSTEMPATH\CodeIgniter.php(915): App\Controllers\Latihan->faqs()
 7 SYSTEMPATH\CodeIgniter.php(492): CodeIgniter\CodeIgniter->runController(Object(App\Controllers\Latihan))
 8 SYSTEMPATH\CodeIgniter.php(353): CodeIgniter\CodeIgniter->handleRequest(null, Object(Config\Cache), false)
 9 FCPATH\index.php(79): CodeIgniter\CodeIgniter->run()
10 SYSTEMPATH\Commands\Server\rewrite.php(47): require_once('C:\\xampp\\htdocs\\shiapp\\SHiApp\\public\\index.php')
CRITICAL - 2023-09-24 15:14:14 --> Undefined variable $name
in APPPATH\Views\contact.php on line 9.
 1 APPPATH\Views\contact.php(9): CodeIgniter\Debug\Exceptions->errorHandler(2, 'Undefined variable $name', 'C:\\xampp\\htdocs\\shiapp\\SHiApp\\app\\Views\\contact.php', 9)
 2 SYSTEMPATH\View\View.php(226): include('C:\\xampp\\htdocs\\shiapp\\SHiApp\\app\\Views\\contact.php')
 3 SYSTEMPATH\View\View.php(229): CodeIgniter\View\View->CodeIgniter\View\{closure}()
 4 SYSTEMPATH\Common.php(1178): CodeIgniter\View\View->render('contact', [], true)
 5 APPPATH\Controllers\Latihan.php(41): view('contact', [...])
 6 SYSTEMPATH\CodeIgniter.php(915): App\Controllers\Latihan->contact()
 7 SYSTEMPATH\CodeIgniter.php(492): CodeIgniter\CodeIgniter->runController(Object(App\Controllers\Latihan))
 8 SYSTEMPATH\CodeIgniter.php(353): CodeIgniter\CodeIgniter->handleRequest(null, Object(Config\Cache), false)
 9 FCPATH\index.php(79): CodeIgniter\CodeIgniter->run()
10 SYSTEMPATH\Commands\Server\rewrite.php(47): require_once('C:\\xampp\\htdocs\\shiapp\\SHiApp\\public\\index.php')
CRITICAL - 2023-09-24 15:16:43 --> Undefined variable $name
in APPPATH\Views\contact.php on line 9.
 1 APPPATH\Views\contact.php(9): CodeIgniter\Debug\Exceptions->errorHandler(2, 'Undefined variable $name', 'C:\\xampp\\htdocs\\shiapp\\SHiApp\\app\\Views\\contact.php', 9)
 2 SYSTEMPATH\View\View.php(226): include('C:\\xampp\\htdocs\\shiapp\\SHiApp\\app\\Views\\contact.php')
 3 SYSTEMPATH\View\View.php(229): CodeIgniter\View\View->CodeIgniter\View\{closure}()
 4 SYSTEMPATH\Common.php(1178): CodeIgniter\View\View->render('contact', [], true)
 5 APPPATH\Controllers\Latihan.php(41): view('contact', [...])
 6 SYSTEMPATH\CodeIgniter.php(915): App\Controllers\Latihan->contact()
 7 SYSTEMPATH\CodeIgniter.php(492): CodeIgniter\CodeIgniter->runController(Object(App\Controllers\Latihan))
 8 SYSTEMPATH\CodeIgniter.php(353): CodeIgniter\CodeIgniter->handleRequest(null, Object(Config\Cache), false)
 9 FCPATH\index.php(79): CodeIgniter\CodeIgniter->run()
10 SYSTEMPATH\Commands\Server\rewrite.php(47): require_once('C:\\xampp\\htdocs\\shiapp\\SHiApp\\public\\index.php')
